<?xml version="1.0" encoding="UTF-8"?>
<!-- Generated by org.testng.reporters.JUnitReportReporter -->
<testsuite name="NG_Platform_Sanity.NG_Platform_Sanity" tests="27" time="1247.820" ignored="0" failures="1" timestamp="21 Nov 2018 06:42:38 GMT" skipped="0" hostname="sag-pc-26" errors="0">
  <testcase name="Permissions_AddRole" time="94.420" classname="NG_Platform_Sanity.NG_Platform_Sanity"/>
  <testcase name="Permissions_Delete_User_From_Role" time="21.122" classname="NG_Platform_Sanity.NG_Platform_Sanity">
    <failure type="java.lang.AssertionError" message="null">
      <![CDATA[java.lang.AssertionError: null
	at org.testng.Assert.fail(Assert.java:94)
	at org.testng.Assert.fail(Assert.java:101)
	at Integrated_Module.NG_Platform_Functions.Permissions_DeleteUser_FromRole(NG_Platform_Functions.java:2877)
	at NG_Platform_Sanity.NG_Platform_Sanity.Permissions_Delete_User_From_Role(NG_Platform_Sanity.java:186)
	at sun.reflect.NativeMethodAccessorImpl.invoke0(Native Method)
	at sun.reflect.NativeMethodAccessorImpl.invoke(Unknown Source)
	at sun.reflect.DelegatingMethodAccessorImpl.invoke(Unknown Source)
	at java.lang.reflect.Method.invoke(Unknown Source)
	at org.testng.internal.MethodInvocationHelper.invokeMethod(MethodInvocationHelper.java:104)
	at org.testng.internal.Invoker.invokeMethod(Invoker.java:645)
	at org.testng.internal.Invoker.invokeTestMethod(Invoker.java:851)
	at org.testng.internal.Invoker.invokeTestMethods(Invoker.java:1177)
	at org.testng.internal.TestMethodWorker.invokeTestMethods(TestMethodWorker.java:129)
	at org.testng.internal.TestMethodWorker.run(TestMethodWorker.java:112)
	at org.testng.TestRunner.privateRun(TestRunner.java:756)
	at org.testng.TestRunner.run(TestRunner.java:610)
	at org.testng.SuiteRunner.runTest(SuiteRunner.java:387)
	at org.testng.SuiteRunner.runSequentially(SuiteRunner.java:382)
	at org.testng.SuiteRunner.privateRun(SuiteRunner.java:340)
	at org.testng.SuiteRunner.run(SuiteRunner.java:289)
	at org.testng.SuiteRunnerWorker.runSuite(SuiteRunnerWorker.java:52)
	at org.testng.SuiteRunnerWorker.run(SuiteRunnerWorker.java:86)
	at org.testng.TestNG.runSuitesSequentially(TestNG.java:1293)
	at org.testng.TestNG.runSuitesLocally(TestNG.java:1218)
	at org.testng.TestNG.runSuites(TestNG.java:1133)
	at org.testng.TestNG.run(TestNG.java:1104)
	at org.testng.remote.AbstractRemoteTestNG.run(AbstractRemoteTestNG.java:132)
	at org.testng.remote.RemoteTestNG.initAndRun(RemoteTestNG.java:236)
	at org.testng.remote.RemoteTestNG.main(RemoteTestNG.java:81)
]]>
    </failure>
  </testcase> <!-- Permissions_Delete_User_From_Role -->
  <testcase name="User_Account_Deactivate" time="35.959" classname="NG_Platform_Sanity.NG_Platform_Sanity"/>
  <testcase name="Profile_ChangePassword" time="67.751" classname="NG_Platform_Sanity.NG_Platform_Sanity"/>
  <testcase name="Permissions_Delete_Role" time="144.665" classname="NG_Platform_Sanity.NG_Platform_Sanity"/>
  <testcase name="Delete_User" time="38.679" classname="NG_Platform_Sanity.NG_Platform_Sanity"/>
  <testcase name="User_Account_Menu_Option" time="33.054" classname="NG_Platform_Sanity.NG_Platform_Sanity"/>
  <testcase name="Setting_Currency" time="15.075" classname="NG_Platform_Sanity.NG_Platform_Sanity"/>
  <testcase name="Default_Roles" time="34.555" classname="NG_Platform_Sanity.NG_Platform_Sanity"/>
  <testcase name="Dashboard" time="7.223" classname="NG_Platform_Sanity.NG_Platform_Sanity"/>
  <testcase name="Logout" time="9.942" classname="NG_Platform_Sanity.NG_Platform_Sanity"/>
  <testcase name="Switch_To_Platform" time="28.230" classname="NG_Platform_Sanity.NG_Platform_Sanity"/>
  <testcase name="Create_User" time="26.055" classname="NG_Platform_Sanity.NG_Platform_Sanity"/>
  <testcase name="Tenant_AddImage" time="50.896" classname="NG_Platform_Sanity.NG_Platform_Sanity"/>
  <testcase name="Profile_Localization" time="76.264" classname="NG_Platform_Sanity.NG_Platform_Sanity"/>
  <testcase name="Forgot_Password" time="133.343" classname="NG_Platform_Sanity.NG_Platform_Sanity"/>
  <testcase name="User_Account_Reactivate" time="37.439" classname="NG_Platform_Sanity.NG_Platform_Sanity"/>
  <testcase name="Login" time="16.974" classname="NG_Platform_Sanity.NG_Platform_Sanity"/>
  <testcase name="Profile_AddImage" time="44.344" classname="NG_Platform_Sanity.NG_Platform_Sanity"/>
  <testcase name="Setting_TimeZone" time="17.227" classname="NG_Platform_Sanity.NG_Platform_Sanity"/>
  <testcase name="Verify_New_User" time="129.984" classname="NG_Platform_Sanity.NG_Platform_Sanity"/>
  <testcase name="CreateUser_ActivationPending" time="55.080" classname="NG_Platform_Sanity.NG_Platform_Sanity"/>
  <testcase name="Profile_ChangeName" time="19.344" classname="NG_Platform_Sanity.NG_Platform_Sanity"/>
  <testcase name="Permissions_Edit_Role" time="51.068" classname="NG_Platform_Sanity.NG_Platform_Sanity"/>
  <testcase name="url" time="9.602" classname="NG_Platform_Sanity.NG_Platform_Sanity"/>
  <testcase name="Permissions_Add_User" time="43.124" classname="NG_Platform_Sanity.NG_Platform_Sanity"/>
  <testcase name="Browser_Call" time="6.401" classname="NG_Platform_Sanity.NG_Platform_Sanity"/>
</testsuite> <!-- NG_Platform_Sanity.NG_Platform_Sanity -->
